[2026-02-18 15:04:09 UTC] Vault watcher started.
[2026-02-18 15:04:09 UTC] Inbox is empty. Waiting for new .md files...
[2026-02-18 15:04:19 UTC] New file detected: test_watcher_file.md
[2026-02-18 15:04:19 UTC] Task created: task_test_watcher_file_md.md
[2026-02-18 15:04:19 UTC] Processing pipeline completed successfully.
[2026-02-18 15:04:19 UTC] Completed processing for: test_watcher_file.md
[2026-02-18 15:16:15 UTC] [task-planner] Single-file mode: C:\Users\Dell\Desktop\Hackathon_0\SILVER TIER\Inbox\sprint_planning.md
[2026-02-18 15:16:15 UTC] [task-planner] Reading: sprint_planning.md
[2026-02-18 15:16:15 UTC] [task-planner] Analyzing content of sprint_planning.md (178 words)
[2026-02-18 15:16:15 UTC] [task-planner] Plan created: Needs_Action/Plan_sprint_planning_md.md
[2026-02-18 15:16:15 UTC] [task-planner] Triggering vault-file-manager to archive plan...
[2026-02-18 15:16:15 UTC] [task-planner] Vault-file-manager: plan archived to Done/ successfully.
[2026-02-18 15:16:15 UTC] [task-planner] Done planning: sprint_planning.md
[2026-02-18 15:17:00 UTC] [task-planner] Single-file mode: C:\Users\Dell\Desktop\Hackathon_0\SILVER TIER\Inbox\sprint_planning.md
[2026-02-18 15:17:00 UTC] [task-planner] Skipped (already planned): sprint_planning.md
[2026-02-18 15:17:34 UTC] [task-planner] Scanning inbox: C:\Users\Dell\Desktop\Hackathon_0\SILVER TIER\Inbox
[2026-02-18 15:17:34 UTC] [task-planner] Found 1 new file(s) to plan.
[2026-02-18 15:17:34 UTC] [task-planner] Reading: bug_report.md
[2026-02-18 15:17:34 UTC] [task-planner] Analyzing content of bug_report.md (120 words)
[2026-02-18 15:17:34 UTC] [task-planner] Plan created: Needs_Action/Plan_bug_report_md.md
[2026-02-18 15:17:34 UTC] [task-planner] Done planning: bug_report.md
[2026-02-18 15:17:34 UTC] [task-planner] Batch complete: 1 planned, 0 failed.
[2026-02-18 15:18:27 UTC] [task-planner] Single-file mode: C:\Users\Dell\Desktop\Hackathon_0\SILVER TIER\Inbox\bug_report.md
[2026-02-18 15:18:27 UTC] [task-planner] Reading: bug_report.md
[2026-02-18 15:18:27 UTC] [task-planner] Analyzing content of bug_report.md (120 words)
[2026-02-18 15:18:27 UTC] [task-planner] Plan created: Needs_Action/Plan_bug_report_md.md
[2026-02-18 15:18:27 UTC] [task-planner] Done planning: bug_report.md
[2026-02-18 15:29:52 UTC] [human-approval] Submitted for approval: approval_test_plan_for_approval_md.md
[2026-02-18 15:29:52 UTC] [human-approval] Source: test_plan_for_approval.md
[2026-02-18 15:29:52 UTC] [human-approval] Human action required: open Needs_Approval/approval_test_plan_for_approval_md.md and write APPROVED or REJECTED in the Decision section.
[2026-02-18 15:29:52 UTC] [human-approval] Waiting for decision on: approval_test_plan_for_approval_md.md (timeout: 20s)
[2026-02-18 15:29:52 UTC] [human-approval] APPROVED: approval_test_plan_for_approval_md.md -> approval_test_plan_for_approval_md.md.approved
[2026-02-18 15:33:32 UTC] [human-approval] Submitted for approval: approval_test_plan_for_approval_md.md
[2026-02-18 15:33:32 UTC] [human-approval] Source: test_plan_for_approval.md
[2026-02-18 15:33:32 UTC] [human-approval] Human action required: open Needs_Approval/approval_test_plan_for_approval_md.md and write APPROVED or REJECTED in the Decision section.
[2026-02-18 15:33:32 UTC] [human-approval] Waiting for decision on: approval_test_plan_for_approval_md.md (timeout: 20s)
[2026-02-18 15:33:33 UTC] [human-approval] APPROVED: approval_test_plan_for_approval_md.md -> approval_test_plan_for_approval_md.md.approved
[2026-02-18 15:43:42 UTC] [human-approval] Submitted for approval: approval_test_plan_for_approval_md.md
[2026-02-18 15:43:42 UTC] [human-approval] Source: test_plan_for_approval.md
[2026-02-18 15:43:42 UTC] [human-approval] Human action required: open Needs_Approval/approval_test_plan_for_approval_md.md and write APPROVED or REJECTED in the Decision section.
[2026-02-18 15:43:42 UTC] [human-approval] Waiting for decision on: approval_test_plan_for_approval_md.md (timeout: 15s)
[2026-02-18 15:43:47 UTC] [human-approval] APPROVED: approval_test_plan_for_approval_md.md -> approval_test_plan_for_approval_md.md.approved
[2026-02-18 15:43:49 UTC] [human-approval] Submitted for approval: approval_test_plan_for_approval_md.md
[2026-02-18 15:43:49 UTC] [human-approval] Source: test_plan_for_approval.md
[2026-02-18 15:43:49 UTC] [human-approval] Human action required: open Needs_Approval/approval_test_plan_for_approval_md.md and write APPROVED or REJECTED in the Decision section.
[2026-02-18 15:43:49 UTC] [human-approval] Waiting for decision on: approval_test_plan_for_approval_md.md (timeout: 15s)
[2026-02-18 15:43:55 UTC] [human-approval] REJECTED: approval_test_plan_for_approval_md.md -> approval_test_plan_for_approval_md.md.rejected
[2026-02-18 15:44:00 UTC] [human-approval] Submitted for approval: approval_test_plan_for_approval_md.md
[2026-02-18 15:44:00 UTC] [human-approval] Source: test_plan_for_approval.md
[2026-02-18 15:44:00 UTC] [human-approval] Human action required: open Needs_Approval/approval_test_plan_for_approval_md.md and write APPROVED or REJECTED in the Decision section.
[2026-02-18 15:44:00 UTC] [human-approval] Waiting for decision on: approval_test_plan_for_approval_md.md (timeout: 5s)
[2026-02-18 15:44:07 UTC] [human-approval] TIMEOUT: approval_test_plan_for_approval_md.md -> approval_test_plan_for_approval_md.md.timeout (after 5s)
[2026-02-18 15:58:00 UTC] [task-planner] Scanning inbox: C:\Users\Dell\Desktop\Hackathon_0\SILVER TIER\Inbox
[2026-02-18 15:58:00 UTC] [task-planner] Found 1 new file(s) to plan.
[2026-02-18 15:58:00 UTC] [task-planner] Reading: scheduler_test.md
[2026-02-18 15:58:00 UTC] [task-planner] Analyzing content of scheduler_test.md (60 words)
[2026-02-18 15:58:00 UTC] [task-planner] Plan created: Needs_Action/Plan_scheduler_test_md.md
[2026-02-18 15:58:00 UTC] [task-planner] Triggering vault-file-manager to archive plan...
[2026-02-18 15:58:01 UTC] [task-planner] Vault-file-manager: plan archived to Done/ successfully.
[2026-02-18 15:58:01 UTC] [task-planner] Done planning: scheduler_test.md
[2026-02-18 15:58:01 UTC] [task-planner] Batch complete: 1 planned, 0 failed.
[2026-02-18 15:58:52 UTC] [task-planner] Scanning inbox: C:\Users\Dell\Desktop\Hackathon_0\SILVER TIER\Inbox
[2026-02-18 15:58:52 UTC] [task-planner] No new .md files to plan.
[2026-02-18 15:59:03 UTC] [task-planner] Scanning inbox: C:\Users\Dell\Desktop\Hackathon_0\SILVER TIER\Inbox
[2026-02-18 15:59:03 UTC] [task-planner] No new .md files to plan.
[2026-02-18 15:59:14 UTC] [task-planner] Scanning inbox: C:\Users\Dell\Desktop\Hackathon_0\SILVER TIER\Inbox
[2026-02-18 15:59:14 UTC] [task-planner] No new .md files to plan.
[2026-02-18 16:13:57 UTC] [vault-file-manager] MOVED: move_test.md from Inbox/ to Needs_Action/move_test.md
[2026-02-18 16:14:01 UTC] [vault-file-manager] MOVED: move_test.md from Needs_Action/ to Done/move_test.md
[2026-02-18 16:14:37 UTC] [human-approval] Submitted: approval_deploy_plan_md.md
[2026-02-18 16:14:37 UTC] [human-approval] Waiting for decision: approval_deploy_plan_md.md (timeout 10s)
[2026-02-18 16:14:41 UTC] [human-approval] APPROVED: approval_deploy_plan_md.md
[2026-02-18 16:14:42 UTC] [human-approval] Submitted: approval_deploy_plan_md.md
[2026-02-18 16:14:42 UTC] [human-approval] Waiting for decision: approval_deploy_plan_md.md (timeout 5s)
[2026-02-18 16:14:48 UTC] [human-approval] TIMEOUT: approval_deploy_plan_md.md
[2026-02-19 12:32:26 UTC] [task-planner] Scanning inbox: C:\Users\Dell\Desktop\Hackathon_0\SILVER TIER\Inbox
[2026-02-19 12:32:26 UTC] [task-planner] No new .md files to plan.
[2026-02-19 12:33:18 UTC] [task-planner] Scanning inbox: C:\Users\Dell\Desktop\Hackathon_0\SILVER TIER\Inbox
[2026-02-19 12:33:18 UTC] [task-planner] Found 1 new file(s) to plan.
[2026-02-19 12:33:18 UTC] [task-planner] Reading: smoke_test_final.md
[2026-02-19 12:33:18 UTC] [task-planner] Analyzing content of smoke_test_final.md (49 words)
[2026-02-19 12:33:18 UTC] [task-planner] Plan created: Needs_Action/Plan_smoke_test_final_md.md
[2026-02-19 12:33:18 UTC] [task-planner] Triggering vault-file-manager to archive plan...
[2026-02-19 12:33:19 UTC] [task-planner] Vault-file-manager: plan archived to Done/ successfully.
[2026-02-19 12:33:19 UTC] [task-planner] Done planning: smoke_test_final.md
[2026-02-19 12:33:19 UTC] [task-planner] Batch complete: 1 planned, 0 failed.
[2026-02-19 12:35:01 UTC] [task-planner] Scanning inbox: C:\Users\Dell\Desktop\Hackathon_0\SILVER TIER\Inbox
[2026-02-19 12:35:01 UTC] [task-planner] No new .md files to plan.
[2026-02-19 12:35:32 UTC] [task-planner] Scanning inbox: C:\Users\Dell\Desktop\Hackathon_0\SILVER TIER\Inbox
[2026-02-19 12:35:32 UTC] [task-planner] No new .md files to plan.
[2026-02-19 12:36:04 UTC] [task-planner] Scanning inbox: C:\Users\Dell\Desktop\Hackathon_0\SILVER TIER\Inbox
[2026-02-19 12:36:04 UTC] [task-planner] Found 1 new file(s) to plan.
[2026-02-19 12:36:04 UTC] [task-planner] Reading: daemon_live_test.md
[2026-02-19 12:36:04 UTC] [task-planner] Analyzing content of daemon_live_test.md (43 words)
[2026-02-19 12:36:04 UTC] [task-planner] Plan created: Needs_Action/Plan_daemon_live_test_md.md
[2026-02-19 12:36:04 UTC] [task-planner] Triggering vault-file-manager to archive plan...
[2026-02-19 12:36:05 UTC] [task-planner] Vault-file-manager: plan archived to Done/ successfully.
[2026-02-19 12:36:05 UTC] [task-planner] Done planning: daemon_live_test.md
[2026-02-19 12:36:05 UTC] [task-planner] Batch complete: 1 planned, 0 failed.
[2026-02-19 12:36:37 UTC] [task-planner] Scanning inbox: C:\Users\Dell\Desktop\Hackathon_0\SILVER TIER\Inbox
[2026-02-19 12:36:37 UTC] [task-planner] No new .md files to plan.
