[2026-02-18 15:57:59 UTC] [INFO] Scheduler started (--once).
[2026-02-18 15:57:59 UTC] [INFO] --- Single run started ---
[2026-02-18 15:57:59 UTC] [INFO] Inbox -> task created: task_notes_txt.md
[2026-02-18 15:57:59 UTC] [INFO] Inbox -> task created: task_scheduler_test_md.md
[2026-02-18 15:57:59 UTC] [INFO] Inbox scan: 2 new file(s) detected.
[2026-02-18 15:58:02 UTC] [INFO] Task planner completed.
[2026-02-18 15:58:03 UTC] [INFO] Process tasks completed.
[2026-02-18 15:58:03 UTC] [INFO] --- Single run finished (new=2, planner=OK, processor=OK) ---
[2026-02-18 15:58:03 UTC] [INFO] Scheduler finished (--once).
[2026-02-18 15:58:50 UTC] [INFO] Scheduler daemon started (PID 15472, interval 10s).
[2026-02-18 15:58:50 UTC] [INFO] --- Cycle #1 started ---
[2026-02-18 15:58:50 UTC] [INFO] Inbox scan: no new files.
[2026-02-18 15:58:52 UTC] [INFO] Task planner completed.
[2026-02-18 15:58:52 UTC] [INFO] Process tasks completed.
[2026-02-18 15:58:52 UTC] [INFO] --- Cycle #1 finished (new=0, planner=OK, processor=OK) ---
[2026-02-18 15:58:53 UTC] [ERROR] Another scheduler is running (PID 15472). Aborting.
[2026-02-18 15:59:02 UTC] [INFO] --- Cycle #2 started ---
[2026-02-18 15:59:02 UTC] [INFO] Inbox scan: no new files.
[2026-02-18 15:59:03 UTC] [INFO] Task planner completed.
[2026-02-18 15:59:03 UTC] [INFO] Process tasks completed.
[2026-02-18 15:59:03 UTC] [INFO] --- Cycle #2 finished (new=0, planner=OK, processor=OK) ---
[2026-02-18 15:59:13 UTC] [INFO] --- Cycle #3 started ---
[2026-02-18 15:59:13 UTC] [INFO] Inbox scan: no new files.
[2026-02-18 15:59:14 UTC] [INFO] Task planner completed.
[2026-02-18 15:59:14 UTC] [INFO] Process tasks completed.
[2026-02-18 15:59:14 UTC] [INFO] --- Cycle #3 finished (new=0, planner=OK, processor=OK) ---
[2026-02-19 12:32:25 UTC] [INFO] Scheduler started (--once).
[2026-02-19 12:32:25 UTC] [INFO] --- Single run started ---
[2026-02-19 12:32:25 UTC] [INFO] Inbox scan: no new files.
[2026-02-19 12:32:26 UTC] [INFO] Task planner completed.
[2026-02-19 12:32:27 UTC] [INFO] Process tasks completed.
[2026-02-19 12:32:27 UTC] [INFO] --- Single run finished (new=0, planner=OK, processor=OK, approvals=0) ---
[2026-02-19 12:32:27 UTC] [INFO] Scheduler finished (--once).
[2026-02-19 12:33:18 UTC] [INFO] Scheduler started (--once).
[2026-02-19 12:33:18 UTC] [INFO] --- Single run started ---
[2026-02-19 12:33:18 UTC] [INFO] Inbox -> task created: task_smoke_test_final_md.md
[2026-02-19 12:33:18 UTC] [INFO] Inbox scan: 1 new file(s) detected.
[2026-02-19 12:33:19 UTC] [INFO] Task planner completed.
[2026-02-19 12:33:20 UTC] [INFO] Process tasks completed.
[2026-02-19 12:33:20 UTC] [INFO] --- Single run finished (new=1, planner=OK, processor=OK, approvals=0) ---
[2026-02-19 12:33:20 UTC] [INFO] Scheduler finished (--once).
[2026-02-19 12:35:00 UTC] [INFO] Scheduler daemon started (PID 6644, interval 30s).
[2026-02-19 12:35:00 UTC] [INFO] --- Cycle #1 started ---
[2026-02-19 12:35:00 UTC] [INFO] Inbox scan: no new files.
[2026-02-19 12:35:01 UTC] [INFO] Task planner completed.
[2026-02-19 12:35:02 UTC] [INFO] Process tasks completed.
[2026-02-19 12:35:02 UTC] [INFO] --- Cycle #1 finished (new=0, planner=OK, processor=OK, approvals=0) ---
[2026-02-19 12:35:32 UTC] [INFO] --- Cycle #2 started ---
[2026-02-19 12:35:32 UTC] [INFO] Inbox scan: no new files.
[2026-02-19 12:35:33 UTC] [INFO] Task planner completed.
[2026-02-19 12:35:33 UTC] [INFO] Process tasks completed.
[2026-02-19 12:35:33 UTC] [INFO] --- Cycle #2 finished (new=0, planner=OK, processor=OK, approvals=0) ---
[2026-02-19 12:36:03 UTC] [INFO] --- Cycle #3 started ---
[2026-02-19 12:36:03 UTC] [INFO] Inbox -> task created: task_daemon_live_test_md.md
[2026-02-19 12:36:03 UTC] [INFO] Inbox scan: 1 new file(s) detected.
[2026-02-19 12:36:05 UTC] [INFO] Task planner completed.
[2026-02-19 12:36:06 UTC] [INFO] Process tasks completed.
[2026-02-19 12:36:06 UTC] [INFO] --- Cycle #3 finished (new=1, planner=OK, processor=OK, approvals=0) ---
[2026-02-19 12:36:36 UTC] [INFO] --- Cycle #4 started ---
[2026-02-19 12:36:36 UTC] [INFO] Inbox scan: no new files.
[2026-02-19 12:36:37 UTC] [INFO] Task planner completed.
[2026-02-19 12:36:37 UTC] [INFO] Process tasks completed.
[2026-02-19 12:36:37 UTC] [INFO] --- Cycle #4 finished (new=0, planner=OK, processor=OK, approvals=0) ---
